manifest-merger-blame-debug-report.txt
1<?xml version="1.0" encoding="utf-8"?>
2<manifest xmlns:android="http://schemas.android.com/apk/res/android"
3    package="com.example.adinsta"
4    android:versionCode="1"
5    android:versionName="1.0" >
6
7    <uses-sdk
8        android:minSdkVersion="21"
8-->src/main/AndroidManifest.xml
9        android:targetSdkVersion="32" />
9-->src/main/AndroidManifest.xml
10
11    <uses-permission android:name="android.permission.INTERNET" />
11-->src/main/AndroidManifest.xml:5:5-67
11-->src/main/AndroidManifest.xml:5:22-64
12
13    <uses-feature
13-->src/main/AndroidManifest.xml:9:5-11:11
14        android:name="android.hardware.camera"
14-->src/main/AndroidManifest.xml:9:19-57
15        android:required="true" />
15-->src/main/AndroidManifest.xml:10:9-32
16
17    <queries>
17-->src/main/AndroidManifest.xml:12:5-19:15
18        <intent>
18-->src/main/AndroidManifest.xml:13:9-18:18
19            <action android:name="android.media.action.IMAGE_CAPTURE" >
19-->src/main/AndroidManifest.xml:14:13-17:22
19-->src/main/AndroidManifest.xml:15:17-66
20            </action>
21        </intent>
22    </queries>
23
24    <uses-permission android:name="android.permission.ACCESS_NETWORK_STATE" />
24-->[com.github.parse-community.Parse-SDK-Android:parse:1.25.0] AndroidManifest.xml:20:5-79
24-->[com.github.parse-community.Parse-SDK-Android:parse:1.25.0] AndroidManifest.xml:20:22-76
25
26    <application
26-->src/main/AndroidManifest.xml:23:5-42:19
27        android:name="com.example.adinsta.ParseApplication"
27-->src/main/AndroidManifest.xml:24:9-41
28        android:allowBackup="true"
28-->src/main/AndroidManifest.xml:25:9-35
29        android:appComponentFactory="androidx.core.app.CoreComponentFactory"
29-->[androidx.core:core:1.7.0] AndroidManifest.xml:24:18-86
30        android:debuggable="true"
31        android:icon="@mipmap/ic_launcher"
31-->src/main/AndroidManifest.xml:26:9-43
32        android:label="@string/app_name"
32-->src/main/AndroidManifest.xml:27:9-41
33        android:roundIcon="@mipmap/ic_launcher_round"
33-->src/main/AndroidManifest.xml:28:9-54
34        android:supportsRtl="true"
34-->src/main/AndroidManifest.xml:29:9-35
35        android:testOnly="true"
36        android:theme="@style/Theme.ADInsta" >
36-->src/main/AndroidManifest.xml:30:9-45
37        <activity
37-->src/main/AndroidManifest.xml:31:9-39:20
38            android:name="com.example.adinsta.LoginActivity"
38-->src/main/AndroidManifest.xml:32:13-42
39            android:exported="true" >
39-->src/main/AndroidManifest.xml:33:13-36
40            <intent-filter>
40-->src/main/AndroidManifest.xml:34:13-38:29
41                <action android:name="android.intent.action.MAIN" />
41-->src/main/AndroidManifest.xml:35:17-69
41-->src/main/AndroidManifest.xml:35:25-66
42
43                <category android:name="android.intent.category.LAUNCHER" />
43-->src/main/AndroidManifest.xml:37:17-77
43-->src/main/AndroidManifest.xml:37:27-74
44            </intent-filter>
45        </activity>
46        <activity android:name="com.example.adinsta.MainActivity" >
46-->src/main/AndroidManifest.xml:40:9-41:20
46-->src/main/AndroidManifest.xml:40:19-47
47        </activity>
48
49        <provider
49-->[androidx.emoji2:emoji2:1.0.0] AndroidManifest.xml:26:9-34:20
50            android:name="androidx.startup.InitializationProvider"
50-->[androidx.emoji2:emoji2:1.0.0] AndroidManifest.xml:27:13-67
51            android:authorities="com.example.adinsta.androidx-startup"
51-->[androidx.emoji2:emoji2:1.0.0] AndroidManifest.xml:28:13-68
52            android:exported="false" >
52-->[androidx.emoji2:emoji2:1.0.0] AndroidManifest.xml:29:13-37
53            <meta-data
53-->[androidx.emoji2:emoji2:1.0.0] AndroidManifest.xml:31:13-33:52
54                android:name="androidx.emoji2.text.EmojiCompatInitializer"
54-->[androidx.emoji2:emoji2:1.0.0] AndroidManifest.xml:32:17-75
55                android:value="androidx.startup" />
55-->[androidx.emoji2:emoji2:1.0.0] AndroidManifest.xml:33:17-49
56            <meta-data
56-->[androidx.lifecycle:lifecycle-process:2.4.0] AndroidManifest.xml:31:13-33:52
57                android:name="androidx.lifecycle.ProcessLifecycleInitializer"
57-->[androidx.lifecycle:lifecycle-process:2.4.0] AndroidManifest.xml:32:17-78
58                android:value="androidx.startup" />
58-->[androidx.lifecycle:lifecycle-process:2.4.0] AndroidManifest.xml:33:17-49
59        </provider>
60    </application>
61
62</manifest>